\BOOKMARK [1][-]{section.1}{\376\377\000I\000n\000t\000r\000o\000d\000u\000z\000i\000o\000n\000e}{}% 1
\BOOKMARK [1][-]{section.2}{\376\377\000R\000i\000c\000h\000i\000a\000m\000i\000\040\000t\000e\000o\000r\000i\000c\000i}{}% 2
\BOOKMARK [2][-]{subsection.2.1}{\376\377\000R\000i\000c\000h\000i\000a\000m\000i\000\040\000M\000a\000t\000e\000m\000a\000t\000i\000c\000i}{section.2}% 3
\BOOKMARK [1][-]{section.3}{\376\377\000A\000p\000p\000a\000r\000a\000t\000o\000\040\000s\000p\000e\000r\000i\000m\000e\000n\000t\000a\000l\000e}{}% 4
\BOOKMARK [1][-]{section.4}{\376\377\000D\000e\000s\000c\000r\000i\000z\000i\000o\000n\000e\000\040\000e\000\040\000a\000n\000a\000l\000i\000s\000i\000\040\000d\000e\000i\000\040\000d\000a\000t\000i\000\040\000s\000p\000e\000r\000i\000m\000e\000n\000t\000a\000l\000i}{}% 5
\BOOKMARK [2][-]{subsection.4.1}{\376\377\000P\000r\000i\000m\000a\000\040\000s\000u\000p\000e\000r\000f\000i\000c\000i\000e}{section.4}% 6
\BOOKMARK [3][-]{subsubsection.4.1.1}{\376\377\000P\000r\000i\000m\000a\000\040\000m\000a\000s\000s\000a}{subsection.4.1}% 7
\BOOKMARK [3][-]{subsubsection.4.1.2}{\376\377\000S\000e\000c\000o\000n\000d\000a\000\040\000m\000a\000s\000s\000a}{subsection.4.1}% 8
\BOOKMARK [3][-]{subsubsection.4.1.3}{\376\377\000T\000e\000r\000z\000a\000\040\000m\000a\000s\000s\000a}{subsection.4.1}% 9
\BOOKMARK [3][-]{subsubsection.4.1.4}{\376\377\000Q\000u\000a\000r\000t\000a\000\040\000m\000a\000s\000s\000a}{subsection.4.1}% 10
\BOOKMARK [3][-]{subsubsection.4.1.5}{\376\377\000Q\000u\000i\000n\000t\000a\000\040\000m\000a\000s\000s\000a}{subsection.4.1}% 11
\BOOKMARK [3][-]{subsubsection.4.1.6}{\376\377\000S\000e\000s\000t\000a\000\040\000m\000a\000s\000s\000a}{subsection.4.1}% 12
\BOOKMARK [3][-]{subsubsection.4.1.7}{\376\377\000S\000e\000t\000t\000i\000m\000a\000\040\000m\000a\000s\000s\000a}{subsection.4.1}% 13
\BOOKMARK [3][-]{subsubsection.4.1.8}{\376\377\000O\000t\000t\000a\000v\000a\000\040\000m\000a\000s\000s\000a}{subsection.4.1}% 14
\BOOKMARK [3][-]{subsubsection.4.1.9}{\376\377\000P\000r\000i\000m\000o\000\040\000g\000r\000a\000f\000i\000c\000o}{subsection.4.1}% 15
\BOOKMARK [2][-]{subsection.4.2}{\376\377\000S\000e\000c\000o\000n\000d\000a\000\040\000s\000u\000p\000e\000r\000f\000i\000c\000i\000e}{section.4}% 16
\BOOKMARK [3][-]{subsubsection.4.2.1}{\376\377\000P\000r\000i\000m\000a\000\040\000m\000a\000s\000s\000a}{subsection.4.2}% 17
\BOOKMARK [3][-]{subsubsection.4.2.2}{\376\377\000S\000e\000c\000o\000n\000d\000a\000\040\000m\000a\000s\000s\000a}{subsection.4.2}% 18
\BOOKMARK [3][-]{subsubsection.4.2.3}{\376\377\000T\000e\000r\000z\000a\000\040\000m\000a\000s\000s\000a}{subsection.4.2}% 19
\BOOKMARK [3][-]{subsubsection.4.2.4}{\376\377\000Q\000u\000a\000r\000t\000a\000\040\000m\000a\000s\000s\000a}{subsection.4.2}% 20
\BOOKMARK [3][-]{subsubsection.4.2.5}{\376\377\000Q\000u\000i\000n\000t\000a\000\040\000m\000a\000s\000s\000a}{subsection.4.2}% 21
\BOOKMARK [3][-]{subsubsection.4.2.6}{\376\377\000S\000e\000s\000t\000a\000\040\000m\000a\000s\000s\000a}{subsection.4.2}% 22
\BOOKMARK [3][-]{subsubsection.4.2.7}{\376\377\000S\000e\000t\000t\000i\000m\000a\000\040\000m\000a\000s\000s\000a}{subsection.4.2}% 23
\BOOKMARK [3][-]{subsubsection.4.2.8}{\376\377\000O\000t\000t\000a\000v\000a\000\040\000m\000a\000s\000s\000a}{subsection.4.2}% 24
\BOOKMARK [3][-]{subsubsection.4.2.9}{\376\377\000S\000e\000c\000o\000n\000d\000o\000\040\000g\000r\000a\000f\000i\000c\000o}{subsection.4.2}% 25
\BOOKMARK [1][-]{section.5}{\376\377\000C\000o\000n\000c\000l\000u\000s\000i\000o\000n\000i}{}% 26
